<?xml version="1.0" encoding="UTF-8"?>
<testsuite name="ClientServiceTest" tests="5" skipped="0" failures="0" errors="0" timestamp="2020-11-13T08:07:23" hostname="DESKTOP-9U5H4BF" time="0.034">
  <properties/>
  <testcase name="disableClientAccountThrowsExceptionWhenClientNotFound" classname="ClientServiceTest" time="0.015"/>
  <testcase name="updateClientAccountIdWithNoClient" classname="ClientServiceTest" time="0.0"/>
  <testcase name="disableClientAccountMakesClientInactiveAndSavesToDbWhenClientIsFoundAndIsActive" classname="ClientServiceTest" time="0.012"/>
  <testcase name="updateClientAccountIdTestWithClientExpectedClientWithNewId" classname="ClientServiceTest" time="0.001"/>
  <testcase name="disableClientAccountThrowsExceptionWhenClientAlreadyInactive" classname="ClientServiceTest" time="0.0"/>
  <system-out><![CDATA[]]></system-out>
  <system-err><![CDATA[]]></system-err>
</testsuite>
