<?xml version="1.0" encoding="UTF-8"?>
<testsuite name="CarShopControllerTest" tests="11" skipped="0" failures="0" errors="0" timestamp="2020-11-12T17:17:34" hostname="DESKTOP-9U5H4BF" time="0.035">
  <properties/>
  <testcase name="processPaymentTestWithCarPaymentExpected201ResponseStatusAndOneCallCarServiceSavepaymentMethod" classname="CarShopControllerTest" time="0.012"/>
  <testcase name="createNewClientWithoutCarShouldReturn400WhenClientAlreadyExists" classname="CarShopControllerTest" time="0.006"/>
  <testcase name="updateClientAccountIdTestNoClientExpected404ResponseStatus" classname="CarShopControllerTest" time="0.001"/>
  <testcase name="disableClientAccountWithClientActiveShouldReturn200AndClient" classname="CarShopControllerTest" time="0.001"/>
  <testcase name="registerClientCarWithCoClientExpected404ResponseStatus" classname="CarShopControllerTest" time="0.001"/>
  <testcase name="disableClientAccountWithNoClientShouldReturn404" classname="CarShopControllerTest" time="0.001"/>
  <testcase name="disableClientAccountWithClientInactiveShouldReturn400" classname="CarShopControllerTest" time="0.001"/>
  <testcase name="createNewClientWithCarShouldReturn200AndClientWithCar" classname="CarShopControllerTest" time="0.001"/>
  <testcase name="processPaymentTestWithCarPaymentExpected201ResponseStatusAndOneCallPaymentServiceSavepaymentMethod" classname="CarShopControllerTest" time="0.0"/>
  <testcase name="updateClientAccountIdTestWithClientExpected200ResponseAndClient" classname="CarShopControllerTest" time="0.0"/>
  <testcase name="registerClientCarWithClientExpected200ResponseStatusAndClient" classname="CarShopControllerTest" time="0.0"/>
  <system-out><![CDATA[]]></system-out>
  <system-err><![CDATA[]]></system-err>
</testsuite>
